<!DOCTYPE html PUBLIC "-//W3C//DTD XHTML 1.1//EN" "http://www.w3.org/TR/xhtml11/DTD/xhtml11.dtd">
<html xmlns="http://www.w3.org/1999/xhtml"><head><title>TestNG Report</title><style type="text/css">table {margin-bottom:10px;border-collapse:collapse;empty-cells:show}th,td {border:1px solid #009;padding:.25em .5em}th {vertical-align:bottom}td {vertical-align:top}table a {font-weight:bold}.stripe td {background-color: #E6EBF9}.num {text-align:right}.passedodd td {background-color: #3F3}.passedeven td {background-color: #0A0}.skippedodd td {background-color: #DDD}.skippedeven td {background-color: #CCC}.failedodd td,.attn {background-color: #F33}.failedeven td,.stripe .attn {background-color: #D00}.stacktrace {white-space:pre;font-family:monospace}.totop {font-size:85%;text-align:center;border-bottom:2px solid #000}</style></head><body><table><tr><th>Test</th><th># Passed</th><th># Skipped</th><th># Failed</th><th>Time (ms)</th><th>Included Groups</th><th>Excluded Groups</th></tr><tr><th colspan="7">Test suite Travelocity</th></tr><tr><td><a href="#t0">Travelocity tests</a></td><td class="num">1</td><td class="num">0</td><td class="num attn">3</td><td class="num">141.730</td><td></td><td></td></tr></table><table><thead><tr><th>Class</th><th>Method</th><th>Start</th><th>Time (ms)</th></tr></thead><tbody><tr><th colspan="4">Test suite Travelocity</th></tr></tbody><tbody id="t0"><tr><th colspan="4">Travelocity tests &#8212; failed</th></tr><tr class="failedeven"><td rowspan="3">com.automation.training.tests.TravelocityTestsOne</td><td><a href="#m0">test2DropDownSorting</a></td><td rowspan="3">1620016293714</td><td rowspan="3">30207</td></tr><tr class="failedeven"><td><a href="#m1">test2DropDownSorting</a></td></tr><tr class="failedeven"><td><a href="#m2">test2DropDownSorting</a></td></tr><tr><th colspan="4">Travelocity tests &#8212; passed</th></tr><tr class="passedeven"><td rowspan="1">com.automation.training.tests.TravelocityTestsOne</td><td><a href="#m3">test2DropDownSorting</a></td><td rowspan="1">1620016232970</td><td rowspan="1">30355</td></tr></tbody></table><h2>Travelocity tests</h2><h3 id="m0">com.automation.training.tests.TravelocityTestsOne#test2DropDownSorting</h3><table class="result"><tr class="param"><th>Parameter #1</th></tr><tr class="param stripe"><td>Arrival (Earliest)</td></tr><tr><th>Messages</th></tr><tr><td><div class="messages">[INFO 2021-05-02] click in fligts</div></td></tr><tr><th>Exception</th></tr><tr><td><div class="stacktrace">org.openqa.selenium.TimeoutException: Expected condition failed: waiting for element to be clickable: Proxy element for: DefaultElementLocator &apos;By.cssSelector: a[aria-controls*=&apos;flight&apos;]&apos; (tried for 30 second(s) with 500 milliseconds interval)
	at org.openqa.selenium.support.ui.WebDriverWait.timeoutException(WebDriverWait.java:95)
	at org.openqa.selenium.support.ui.FluentWait.until(FluentWait.java:272)
	at com.automation.training.pages.TravelocityHomePage.clickFlights(TravelocityHomePage.java:152)
	at com.automation.training.tests.TravelocityTestsOne.test2DropDownSorting(TravelocityTestsOne.java:86)
Caused by: org.openqa.selenium.NoSuchElementException: no such element: Unable to locate element: {&quot;method&quot;:&quot;css selector&quot;,&quot;selector&quot;:&quot;a[aria-controls*=&apos;flight&apos;]&quot;}
  (Session info: chrome=90.0.4430.93)
For documentation on this error, please visit: https://www.seleniumhq.org/exceptions/no_such_element.html
Build info: version: &apos;3.141.59&apos;, revision: &apos;e82be7d358&apos;, time: &apos;2018-11-14T08:17:03&apos;
System info: host: &apos;CO-IT005951&apos;, ip: &apos;192.168.42.1&apos;, os.name: &apos;Windows 10&apos;, os.arch: &apos;amd64&apos;, os.version: &apos;10.0&apos;, java.version: &apos;1.8.0_261&apos;
Driver info: org.openqa.selenium.chrome.ChromeDriver
Capabilities {acceptInsecureCerts: false, browserName: chrome, browserVersion: 90.0.4430.93, chrome: {chromedriverVersion: 90.0.4430.24 (4c6d850f087da..., userDataDir: C:\Users\WILSON~1.ANG\AppDa...}, goog:chromeOptions: {debuggerAddress: localhost:55251}, javascriptEnabled: true, networkConnectionEnabled: false, pageLoadStrategy: normal, platform: WINDOWS, platformName: WINDOWS, proxy: Proxy(), setWindowRect: true, strictFileInteractability: false, timeouts: {implicit: 0, pageLoad: 300000, script: 30000}, unhandledPromptBehavior: dismiss and notify, webauthn:extension:largeBlob: true, webauthn:virtualAuthenticators: true}
Session ID: bbcbbac7128fac871ab64624eeb9c4db
*** Element info: {Using=css selector, value=a[aria-controls*=&apos;flight&apos;]}
	at org.openqa.selenium.remote.http.W3CHttpResponseCodec.createException(W3CHttpResponseCodec.java:187)
	at org.openqa.selenium.remote.http.W3CHttpResponseCodec.decode(W3CHttpResponseCodec.java:122)
	at org.openqa.selenium.remote.http.W3CHttpResponseCodec.decode(W3CHttpResponseCodec.java:49)
	at org.openqa.selenium.remote.HttpCommandExecutor.execute(HttpCommandExecutor.java:158)
	at org.openqa.selenium.remote.service.DriverCommandExecutor.execute(DriverCommandExecutor.java:83)
	at org.openqa.selenium.remote.RemoteWebDriver.execute(RemoteWebDriver.java:552)
	at org.openqa.selenium.remote.RemoteWebDriver.findElement(RemoteWebDriver.java:323)
	at org.openqa.selenium.remote.RemoteWebDriver.findElementByCssSelector(RemoteWebDriver.java:420)
	at org.openqa.selenium.By$ByCssSelector.findElement(By.java:431)
	at org.openqa.selenium.remote.RemoteWebDriver.findElement(RemoteWebDriver.java:315)
	at org.openqa.selenium.support.pagefactory.DefaultElementLocator.findElement(DefaultElementLocator.java:69)
	at org.openqa.selenium.support.pagefactory.internal.LocatingElementHandler.invoke(LocatingElementHandler.java:38)
	at com.sun.proxy.$Proxy11.isDisplayed(Unknown Source)
	at org.openqa.selenium.support.ui.ExpectedConditions.elementIfVisible(ExpectedConditions.java:314)
	at org.openqa.selenium.support.ui.ExpectedConditions.access$000(ExpectedConditions.java:43)
	at org.openqa.selenium.support.ui.ExpectedConditions$10.apply(ExpectedConditions.java:300)
	at org.openqa.selenium.support.ui.ExpectedConditions$10.apply(ExpectedConditions.java:297)
	at org.openqa.selenium.support.ui.ExpectedConditions$23.apply(ExpectedConditions.java:670)
	at org.openqa.selenium.support.ui.ExpectedConditions$23.apply(ExpectedConditions.java:666)
	at org.openqa.selenium.support.ui.FluentWait.until(FluentWait.java:249)
	... 27 more
... Removed 28 stack frames</div></td></tr></table><p class="totop"><a href="#summary">back to summary</a></p><h3 id="m1">com.automation.training.tests.TravelocityTestsOne#test2DropDownSorting</h3><table class="result"><tr class="param"><th>Parameter #1</th></tr><tr class="param stripe"><td>Departure (Earliest)</td></tr><tr><th>Messages</th></tr><tr><td><div class="messages">[INFO 2021-05-02] click in fligts</div></td></tr><tr><th>Exception</th></tr><tr><td><div class="stacktrace">org.openqa.selenium.TimeoutException: Expected condition failed: waiting for element to be clickable: Proxy element for: DefaultElementLocator &apos;By.cssSelector: a[aria-controls*=&apos;flight&apos;]&apos; (tried for 30 second(s) with 500 milliseconds interval)
	at org.openqa.selenium.support.ui.WebDriverWait.timeoutException(WebDriverWait.java:95)
	at org.openqa.selenium.support.ui.FluentWait.until(FluentWait.java:272)
	at com.automation.training.pages.TravelocityHomePage.clickFlights(TravelocityHomePage.java:152)
	at com.automation.training.tests.TravelocityTestsOne.test2DropDownSorting(TravelocityTestsOne.java:86)
Caused by: org.openqa.selenium.NoSuchElementException: no such element: Unable to locate element: {&quot;method&quot;:&quot;css selector&quot;,&quot;selector&quot;:&quot;a[aria-controls*=&apos;flight&apos;]&quot;}
  (Session info: chrome=90.0.4430.93)
For documentation on this error, please visit: https://www.seleniumhq.org/exceptions/no_such_element.html
Build info: version: &apos;3.141.59&apos;, revision: &apos;e82be7d358&apos;, time: &apos;2018-11-14T08:17:03&apos;
System info: host: &apos;CO-IT005951&apos;, ip: &apos;192.168.42.1&apos;, os.name: &apos;Windows 10&apos;, os.arch: &apos;amd64&apos;, os.version: &apos;10.0&apos;, java.version: &apos;1.8.0_261&apos;
Driver info: org.openqa.selenium.chrome.ChromeDriver
Capabilities {acceptInsecureCerts: false, browserName: chrome, browserVersion: 90.0.4430.93, chrome: {chromedriverVersion: 90.0.4430.24 (4c6d850f087da..., userDataDir: C:\Users\WILSON~1.ANG\AppDa...}, goog:chromeOptions: {debuggerAddress: localhost:55251}, javascriptEnabled: true, networkConnectionEnabled: false, pageLoadStrategy: normal, platform: WINDOWS, platformName: WINDOWS, proxy: Proxy(), setWindowRect: true, strictFileInteractability: false, timeouts: {implicit: 0, pageLoad: 300000, script: 30000}, unhandledPromptBehavior: dismiss and notify, webauthn:extension:largeBlob: true, webauthn:virtualAuthenticators: true}
Session ID: bbcbbac7128fac871ab64624eeb9c4db
*** Element info: {Using=css selector, value=a[aria-controls*=&apos;flight&apos;]}
	at org.openqa.selenium.remote.http.W3CHttpResponseCodec.createException(W3CHttpResponseCodec.java:187)
	at org.openqa.selenium.remote.http.W3CHttpResponseCodec.decode(W3CHttpResponseCodec.java:122)
	at org.openqa.selenium.remote.http.W3CHttpResponseCodec.decode(W3CHttpResponseCodec.java:49)
	at org.openqa.selenium.remote.HttpCommandExecutor.execute(HttpCommandExecutor.java:158)
	at org.openqa.selenium.remote.service.DriverCommandExecutor.execute(DriverCommandExecutor.java:83)
	at org.openqa.selenium.remote.RemoteWebDriver.execute(RemoteWebDriver.java:552)
	at org.openqa.selenium.remote.RemoteWebDriver.findElement(RemoteWebDriver.java:323)
	at org.openqa.selenium.remote.RemoteWebDriver.findElementByCssSelector(RemoteWebDriver.java:420)
	at org.openqa.selenium.By$ByCssSelector.findElement(By.java:431)
	at org.openqa.selenium.remote.RemoteWebDriver.findElement(RemoteWebDriver.java:315)
	at org.openqa.selenium.support.pagefactory.DefaultElementLocator.findElement(DefaultElementLocator.java:69)
	at org.openqa.selenium.support.pagefactory.internal.LocatingElementHandler.invoke(LocatingElementHandler.java:38)
	at com.sun.proxy.$Proxy11.isDisplayed(Unknown Source)
	at org.openqa.selenium.support.ui.ExpectedConditions.elementIfVisible(ExpectedConditions.java:314)
	at org.openqa.selenium.support.ui.ExpectedConditions.access$000(ExpectedConditions.java:43)
	at org.openqa.selenium.support.ui.ExpectedConditions$10.apply(ExpectedConditions.java:300)
	at org.openqa.selenium.support.ui.ExpectedConditions$10.apply(ExpectedConditions.java:297)
	at org.openqa.selenium.support.ui.ExpectedConditions$23.apply(ExpectedConditions.java:670)
	at org.openqa.selenium.support.ui.ExpectedConditions$23.apply(ExpectedConditions.java:666)
	at org.openqa.selenium.support.ui.FluentWait.until(FluentWait.java:249)
	... 27 more
... Removed 28 stack frames</div></td></tr></table><p class="totop"><a href="#summary">back to summary</a></p><h3 id="m2">com.automation.training.tests.TravelocityTestsOne#test2DropDownSorting</h3><table class="result"><tr class="param"><th>Parameter #1</th></tr><tr class="param stripe"><td>Duration (Shortest)</td></tr><tr><th>Messages</th></tr><tr><td><div class="messages">[INFO 2021-05-02] click in fligts</div></td></tr><tr><th>Exception</th></tr><tr><td><div class="stacktrace">org.openqa.selenium.TimeoutException: Expected condition failed: waiting for element to be clickable: Proxy element for: DefaultElementLocator &apos;By.cssSelector: a[aria-controls*=&apos;flight&apos;]&apos; (tried for 30 second(s) with 500 milliseconds interval)
	at org.openqa.selenium.support.ui.WebDriverWait.timeoutException(WebDriverWait.java:95)
	at org.openqa.selenium.support.ui.FluentWait.until(FluentWait.java:272)
	at com.automation.training.pages.TravelocityHomePage.clickFlights(TravelocityHomePage.java:152)
	at com.automation.training.tests.TravelocityTestsOne.test2DropDownSorting(TravelocityTestsOne.java:86)
Caused by: org.openqa.selenium.NoSuchElementException: no such element: Unable to locate element: {&quot;method&quot;:&quot;css selector&quot;,&quot;selector&quot;:&quot;a[aria-controls*=&apos;flight&apos;]&quot;}
  (Session info: chrome=90.0.4430.93)
For documentation on this error, please visit: https://www.seleniumhq.org/exceptions/no_such_element.html
Build info: version: &apos;3.141.59&apos;, revision: &apos;e82be7d358&apos;, time: &apos;2018-11-14T08:17:03&apos;
System info: host: &apos;CO-IT005951&apos;, ip: &apos;192.168.42.1&apos;, os.name: &apos;Windows 10&apos;, os.arch: &apos;amd64&apos;, os.version: &apos;10.0&apos;, java.version: &apos;1.8.0_261&apos;
Driver info: org.openqa.selenium.chrome.ChromeDriver
Capabilities {acceptInsecureCerts: false, browserName: chrome, browserVersion: 90.0.4430.93, chrome: {chromedriverVersion: 90.0.4430.24 (4c6d850f087da..., userDataDir: C:\Users\WILSON~1.ANG\AppDa...}, goog:chromeOptions: {debuggerAddress: localhost:55251}, javascriptEnabled: true, networkConnectionEnabled: false, pageLoadStrategy: normal, platform: WINDOWS, platformName: WINDOWS, proxy: Proxy(), setWindowRect: true, strictFileInteractability: false, timeouts: {implicit: 0, pageLoad: 300000, script: 30000}, unhandledPromptBehavior: dismiss and notify, webauthn:extension:largeBlob: true, webauthn:virtualAuthenticators: true}
Session ID: bbcbbac7128fac871ab64624eeb9c4db
*** Element info: {Using=css selector, value=a[aria-controls*=&apos;flight&apos;]}
	at org.openqa.selenium.remote.http.W3CHttpResponseCodec.createException(W3CHttpResponseCodec.java:187)
	at org.openqa.selenium.remote.http.W3CHttpResponseCodec.decode(W3CHttpResponseCodec.java:122)
	at org.openqa.selenium.remote.http.W3CHttpResponseCodec.decode(W3CHttpResponseCodec.java:49)
	at org.openqa.selenium.remote.HttpCommandExecutor.execute(HttpCommandExecutor.java:158)
	at org.openqa.selenium.remote.service.DriverCommandExecutor.execute(DriverCommandExecutor.java:83)
	at org.openqa.selenium.remote.RemoteWebDriver.execute(RemoteWebDriver.java:552)
	at org.openqa.selenium.remote.RemoteWebDriver.findElement(RemoteWebDriver.java:323)
	at org.openqa.selenium.remote.RemoteWebDriver.findElementByCssSelector(RemoteWebDriver.java:420)
	at org.openqa.selenium.By$ByCssSelector.findElement(By.java:431)
	at org.openqa.selenium.remote.RemoteWebDriver.findElement(RemoteWebDriver.java:315)
	at org.openqa.selenium.support.pagefactory.DefaultElementLocator.findElement(DefaultElementLocator.java:69)
	at org.openqa.selenium.support.pagefactory.internal.LocatingElementHandler.invoke(LocatingElementHandler.java:38)
	at com.sun.proxy.$Proxy11.isDisplayed(Unknown Source)
	at org.openqa.selenium.support.ui.ExpectedConditions.elementIfVisible(ExpectedConditions.java:314)
	at org.openqa.selenium.support.ui.ExpectedConditions.access$000(ExpectedConditions.java:43)
	at org.openqa.selenium.support.ui.ExpectedConditions$10.apply(ExpectedConditions.java:300)
	at org.openqa.selenium.support.ui.ExpectedConditions$10.apply(ExpectedConditions.java:297)
	at org.openqa.selenium.support.ui.ExpectedConditions$23.apply(ExpectedConditions.java:670)
	at org.openqa.selenium.support.ui.ExpectedConditions$23.apply(ExpectedConditions.java:666)
	at org.openqa.selenium.support.ui.FluentWait.until(FluentWait.java:249)
	... 27 more
... Removed 28 stack frames</div></td></tr></table><p class="totop"><a href="#summary">back to summary</a></p><h3 id="m3">com.automation.training.tests.TravelocityTestsOne#test2DropDownSorting</h3><table class="result"><tr class="param"><th>Parameter #1</th></tr><tr class="param stripe"><td>Price (Lowest)</td></tr><tr><th>Messages</th></tr><tr><td><div class="messages">[INFO 2021-05-02] click in fligts<br/>[INFO 2021-05-02] click in RoundTrip<br/>[INFO 2021-05-02] Click: [[ChromeDriver: chrome on WINDOWS (bbcbbac7128fac871ab64624eeb9c4db)] -> css selector: a[aria-controls*='roundtrip']]<br/>[INFO 2021-05-02] Click: [[ChromeDriver: chrome on WINDOWS (bbcbbac7128fac871ab64624eeb9c4db)] -> css selector: button[aria-label*='Leaving from']]<br/>[INFO 2021-05-02] Click: [[ChromeDriver: chrome on WINDOWS (bbcbbac7128fac871ab64624eeb9c4db)] -> id: location-field-leg1-origin]<br/>[INFO 2021-05-02] Writing: Las<br/>[INFO 2021-05-02] Click: [[ChromeDriver: chrome on WINDOWS (bbcbbac7128fac871ab64624eeb9c4db)] -> css selector: div[data-stid*='origin'] li[data-index='0'] button]<br/>[INFO 2021-05-02] Click: [[ChromeDriver: chrome on WINDOWS (bbcbbac7128fac871ab64624eeb9c4db)] -> css selector: button[aria-label='Going to']]<br/>[INFO 2021-05-02] Click: [[ChromeDriver: chrome on WINDOWS (bbcbbac7128fac871ab64624eeb9c4db)] -> id: location-field-leg1-destination]<br/>[INFO 2021-05-02] Writing: Lax<br/>[INFO 2021-05-02] Click: [[ChromeDriver: chrome on WINDOWS (bbcbbac7128fac871ab64624eeb9c4db)] -> css selector: div[data-stid*='destination'] li[data-index='0'] button]<br/>[INFO 2021-05-02] Opcion enviada: Departure<br/>[INFO 2021-05-02] Click: [[ChromeDriver: chrome on WINDOWS (bbcbbac7128fac871ab64624eeb9c4db)] -> id: d1-btn]<br/>[INFO 2021-05-02] Click: [[ChromeDriver: chrome on WINDOWS (bbcbbac7128fac871ab64624eeb9c4db)] -> css selector: button[data-stid='date-picker-paging']:nth-child(2)]<br/>[INFO 2021-05-02] Click: [[ChromeDriver: chrome on WINDOWS (bbcbbac7128fac871ab64624eeb9c4db)] -> css selector: button[data-stid='date-picker-paging']:nth-child(2)]<br/>[INFO 2021-05-02] Click: Proxy element for: DefaultElementLocator 'By.cssSelector: button[data-stid='apply-date-picker'] >span'<br/>[INFO 2021-05-02] Click: Proxy element for: DefaultElementLocator 'By.cssSelector: button[data-testid='submit-button']'<br/>[INFO 2021-05-02] In dropdown list + From pageLAS to LAX flights</div></td></tr></table><p class="totop"><a href="#summary">back to summary</a></p></body></html>