<!DOCTYPE html>

<html>
  <head>
  <meta charset='utf-8'>
  <title>TestNG reports</title>

    <link type="text/css" href="testng-reports.css" rel="stylesheet" />  
    <script type="text/javascript" src="jquery-1.7.1.min.js"></script>
    <script type="text/javascript" src="testng-reports.js"></script>
    <script type="text/javascript" src="https://www.google.com/jsapi"></script>
    <script type='text/javascript'>
      google.load('visualization', '1', {packages:['table']});
      google.setOnLoadCallback(drawTable);
      var suiteTableInitFunctions = new Array();
      var suiteTableData = new Array();
    </script>
    <!--
      <script type="text/javascript" src="jquery-ui/js/jquery-ui-1.8.16.custom.min.js"></script>
     -->
  </head>

  <body>
    <div class="top-banner-root">
      <span class="top-banner-title-font">Test results</span>
      <br/>
      <span class="top-banner-font-1">1 suite, 3 failed tests</span>
    </div> <!-- top-banner-root -->
    <div class="navigator-root">
      <div class="navigator-suite-header">
        <span>All suites</span>
        <a href="#" class="collapse-all-link" title="Collapse/expand all the suites">
          <img class="collapse-all-icon" src="collapseall.gif">
          </img> <!-- collapse-all-icon -->
        </a> <!-- collapse-all-link -->
      </div> <!-- navigator-suite-header -->
      <div class="suite">
        <div class="rounded-window">
          <div class="suite-header light-rounded-window-top">
            <a href="#" class="navigator-link" panel-name="suite-Test_suite_Travelocity">
              <span class="suite-name border-failed">Test suite Travelocity</span>
            </a> <!-- navigator-link -->
          </div> <!-- suite-header light-rounded-window-top -->
          <div class="navigator-suite-content">
            <div class="suite-section-title">
              <span>Info</span>
            </div> <!-- suite-section-title -->
            <div class="suite-section-content">
              <ul>
                <li>
                  <a href="#" class="navigator-link " panel-name="test-xml-Test_suite_Travelocity">
                    <span>C:\Users\wilson.angel\eclipse-workspace-oxigen\training\src\main\java\com\automation\training\tests\SuiteTravelocity.xml</span>
                  </a> <!-- navigator-link  -->
                </li>
                <li>
                  <a href="#" class="navigator-link " panel-name="testlist-Test_suite_Travelocity">
                    <span class="test-stats">1 test</span>
                  </a> <!-- navigator-link  -->
                </li>
                <li>
                  <a href="#" class="navigator-link " panel-name="group-Test_suite_Travelocity">
                    <span>0 groups</span>
                  </a> <!-- navigator-link  -->
                </li>
                <li>
                  <a href="#" class="navigator-link " panel-name="times-Test_suite_Travelocity">
                    <span>Times</span>
                  </a> <!-- navigator-link  -->
                </li>
                <li>
                  <a href="#" class="navigator-link " panel-name="reporter-Test_suite_Travelocity">
                    <span>Reporter output</span>
                  </a> <!-- navigator-link  -->
                </li>
                <li>
                  <a href="#" class="navigator-link " panel-name="ignored-methods-Test_suite_Travelocity">
                    <span>Ignored methods</span>
                  </a> <!-- navigator-link  -->
                </li>
                <li>
                  <a href="#" class="navigator-link " panel-name="chronological-Test_suite_Travelocity">
                    <span>Chronological view</span>
                  </a> <!-- navigator-link  -->
                </li>
              </ul>
            </div> <!-- suite-section-content -->
            <div class="result-section">
              <div class="suite-section-title">
                <span>Results</span>
              </div> <!-- suite-section-title -->
              <div class="suite-section-content">
                <ul>
                  <li>
                    <span class="method-stats">4 methods, 3 failed,   1 passed</span>
                  </li>
                  <li>
                    <span class="method-list-title failed">Failed methods</span>
                    <span class="show-or-hide-methods failed">
                      <a href="#" panel-name="suite-Test_suite_Travelocity" class="hide-methods failed suite-Test_suite_Travelocity"> (hide)</a> <!-- hide-methods failed suite-Test_suite_Travelocity -->
                      <a href="#" panel-name="suite-Test_suite_Travelocity" class="show-methods failed suite-Test_suite_Travelocity"> (show)</a> <!-- show-methods failed suite-Test_suite_Travelocity -->
                    </span>
                    <div class="method-list-content failed suite-Test_suite_Travelocity">
                      <span>
                        <img width="3%" src="failed.png"/>
                        <a href="#" class="method navigator-link" panel-name="suite-Test_suite_Travelocity" title="com.automation.training.tests.TravelocityTestsOne" hash-for-method="test2DropDownSorting(Arrival (Earliest))">test2DropDownSorting(Arrival (Earliest))</a> <!-- method navigator-link -->
                      </span>
                      <br/>
                      <span>
                        <img width="3%" src="failed.png"/>
                        <a href="#" class="method navigator-link" panel-name="suite-Test_suite_Travelocity" title="com.automation.training.tests.TravelocityTestsOne" hash-for-method="test2DropDownSorting(Departure (Earliest))">test2DropDownSorting(Departure (Earliest))</a> <!-- method navigator-link -->
                      </span>
                      <br/>
                      <span>
                        <img width="3%" src="failed.png"/>
                        <a href="#" class="method navigator-link" panel-name="suite-Test_suite_Travelocity" title="com.automation.training.tests.TravelocityTestsOne" hash-for-method="test2DropDownSorting(Duration (Shortest))">test2DropDownSorting(Duration (Shortest))</a> <!-- method navigator-link -->
                      </span>
                      <br/>
                    </div> <!-- method-list-content failed suite-Test_suite_Travelocity -->
                  </li>
                  <li>
                    <span class="method-list-title passed">Passed methods</span>
                    <span class="show-or-hide-methods passed">
                      <a href="#" panel-name="suite-Test_suite_Travelocity" class="hide-methods passed suite-Test_suite_Travelocity"> (hide)</a> <!-- hide-methods passed suite-Test_suite_Travelocity -->
                      <a href="#" panel-name="suite-Test_suite_Travelocity" class="show-methods passed suite-Test_suite_Travelocity"> (show)</a> <!-- show-methods passed suite-Test_suite_Travelocity -->
                    </span>
                    <div class="method-list-content passed suite-Test_suite_Travelocity">
                      <span>
                        <img width="3%" src="passed.png"/>
                        <a href="#" class="method navigator-link" panel-name="suite-Test_suite_Travelocity" title="com.automation.training.tests.TravelocityTestsOne" hash-for-method="test2DropDownSorting(Price (Lowest))">test2DropDownSorting(Price (Lowest))</a> <!-- method navigator-link -->
                      </span>
                      <br/>
                    </div> <!-- method-list-content passed suite-Test_suite_Travelocity -->
                  </li>
                </ul>
              </div> <!-- suite-section-content -->
            </div> <!-- result-section -->
          </div> <!-- navigator-suite-content -->
        </div> <!-- rounded-window -->
      </div> <!-- suite -->
    </div> <!-- navigator-root -->
    <div class="wrapper">
      <div class="main-panel-root">
        <div panel-name="suite-Test_suite_Travelocity" class="panel Test_suite_Travelocity">
          <div class="suite-Test_suite_Travelocity-class-failed">
            <div class="main-panel-header rounded-window-top">
              <img src="failed.png"/>
              <span class="class-name">com.automation.training.tests.TravelocityTestsOne</span>
            </div> <!-- main-panel-header rounded-window-top -->
            <div class="main-panel-content rounded-window-bottom">
              <div class="method">
                <div class="method-content">
                  <a name="test2DropDownSorting(Arrival (Earliest))">
                  </a> <!-- test2DropDownSorting(Arrival (Earliest)) -->
                  <span class="method-name">test2DropDownSorting</span>
                  <span class="parameters">(Arrival (Earliest))</span>
                  <div class="stack-trace">org.openqa.selenium.TimeoutException: Expected condition failed: waiting for element to be clickable: Proxy element for: DefaultElementLocator &apos;By.cssSelector: a[aria-controls*=&apos;flight&apos;]&apos; (tried for 30 second(s) with 500 milliseconds interval)
	at org.openqa.selenium.support.ui.WebDriverWait.timeoutException(WebDriverWait.java:95)
	at org.openqa.selenium.support.ui.FluentWait.until(FluentWait.java:272)
	at com.automation.training.pages.TravelocityHomePage.clickFlights(TravelocityHomePage.java:152)
	at com.automation.training.tests.TravelocityTestsOne.test2DropDownSorting(TravelocityTestsOne.java:86)
Caused by: org.openqa.selenium.NoSuchElementException: no such element: Unable to locate element: {&quot;method&quot;:&quot;css selector&quot;,&quot;selector&quot;:&quot;a[aria-controls*=&apos;flight&apos;]&quot;}
  (Session info: chrome=90.0.4430.93)
For documentation on this error, please visit: https://www.seleniumhq.org/exceptions/no_such_element.html
Build info: version: &apos;3.141.59&apos;, revision: &apos;e82be7d358&apos;, time: &apos;2018-11-14T08:17:03&apos;
System info: host: &apos;CO-IT005951&apos;, ip: &apos;192.168.42.1&apos;, os.name: &apos;Windows 10&apos;, os.arch: &apos;amd64&apos;, os.version: &apos;10.0&apos;, java.version: &apos;1.8.0_261&apos;
Driver info: org.openqa.selenium.chrome.ChromeDriver
Capabilities {acceptInsecureCerts: false, browserName: chrome, browserVersion: 90.0.4430.93, chrome: {chromedriverVersion: 90.0.4430.24 (4c6d850f087da..., userDataDir: C:\Users\WILSON~1.ANG\AppDa...}, goog:chromeOptions: {debuggerAddress: localhost:55251}, javascriptEnabled: true, networkConnectionEnabled: false, pageLoadStrategy: normal, platform: WINDOWS, platformName: WINDOWS, proxy: Proxy(), setWindowRect: true, strictFileInteractability: false, timeouts: {implicit: 0, pageLoad: 300000, script: 30000}, unhandledPromptBehavior: dismiss and notify, webauthn:extension:largeBlob: true, webauthn:virtualAuthenticators: true}
Session ID: bbcbbac7128fac871ab64624eeb9c4db
*** Element info: {Using=css selector, value=a[aria-controls*=&apos;flight&apos;]}
	at org.openqa.selenium.remote.http.W3CHttpResponseCodec.createException(W3CHttpResponseCodec.java:187)
	at org.openqa.selenium.remote.http.W3CHttpResponseCodec.decode(W3CHttpResponseCodec.java:122)
	at org.openqa.selenium.remote.http.W3CHttpResponseCodec.decode(W3CHttpResponseCodec.java:49)
	at org.openqa.selenium.remote.HttpCommandExecutor.execute(HttpCommandExecutor.java:158)
	at org.openqa.selenium.remote.service.DriverCommandExecutor.execute(DriverCommandExecutor.java:83)
	at org.openqa.selenium.remote.RemoteWebDriver.execute(RemoteWebDriver.java:552)
	at org.openqa.selenium.remote.RemoteWebDriver.findElement(RemoteWebDriver.java:323)
	at org.openqa.selenium.remote.RemoteWebDriver.findElementByCssSelector(RemoteWebDriver.java:420)
	at org.openqa.selenium.By$ByCssSelector.findElement(By.java:431)
	at org.openqa.selenium.remote.RemoteWebDriver.findElement(RemoteWebDriver.java:315)
	at org.openqa.selenium.support.pagefactory.DefaultElementLocator.findElement(DefaultElementLocator.java:69)
	at org.openqa.selenium.support.pagefactory.internal.LocatingElementHandler.invoke(LocatingElementHandler.java:38)
	at com.sun.proxy.$Proxy11.isDisplayed(Unknown Source)
	at org.openqa.selenium.support.ui.ExpectedConditions.elementIfVisible(ExpectedConditions.java:314)
	at org.openqa.selenium.support.ui.ExpectedConditions.access$000(ExpectedConditions.java:43)
	at org.openqa.selenium.support.ui.ExpectedConditions$10.apply(ExpectedConditions.java:300)
	at org.openqa.selenium.support.ui.ExpectedConditions$10.apply(ExpectedConditions.java:297)
	at org.openqa.selenium.support.ui.ExpectedConditions$23.apply(ExpectedConditions.java:670)
	at org.openqa.selenium.support.ui.ExpectedConditions$23.apply(ExpectedConditions.java:666)
	at org.openqa.selenium.support.ui.FluentWait.until(FluentWait.java:249)
	... 27 more
... Removed 28 stack frames
</div> <!-- stack-trace -->
                </div> <!-- method-content -->
              </div> <!-- method -->
              <div class="method">
                <div class="method-content">
                  <a name="test2DropDownSorting(Departure (Earliest))">
                  </a> <!-- test2DropDownSorting(Departure (Earliest)) -->
                  <span class="method-name">test2DropDownSorting</span>
                  <span class="parameters">(Departure (Earliest))</span>
                  <div class="stack-trace">org.openqa.selenium.TimeoutException: Expected condition failed: waiting for element to be clickable: Proxy element for: DefaultElementLocator &apos;By.cssSelector: a[aria-controls*=&apos;flight&apos;]&apos; (tried for 30 second(s) with 500 milliseconds interval)
	at org.openqa.selenium.support.ui.WebDriverWait.timeoutException(WebDriverWait.java:95)
	at org.openqa.selenium.support.ui.FluentWait.until(FluentWait.java:272)
	at com.automation.training.pages.TravelocityHomePage.clickFlights(TravelocityHomePage.java:152)
	at com.automation.training.tests.TravelocityTestsOne.test2DropDownSorting(TravelocityTestsOne.java:86)
Caused by: org.openqa.selenium.NoSuchElementException: no such element: Unable to locate element: {&quot;method&quot;:&quot;css selector&quot;,&quot;selector&quot;:&quot;a[aria-controls*=&apos;flight&apos;]&quot;}
  (Session info: chrome=90.0.4430.93)
For documentation on this error, please visit: https://www.seleniumhq.org/exceptions/no_such_element.html
Build info: version: &apos;3.141.59&apos;, revision: &apos;e82be7d358&apos;, time: &apos;2018-11-14T08:17:03&apos;
System info: host: &apos;CO-IT005951&apos;, ip: &apos;192.168.42.1&apos;, os.name: &apos;Windows 10&apos;, os.arch: &apos;amd64&apos;, os.version: &apos;10.0&apos;, java.version: &apos;1.8.0_261&apos;
Driver info: org.openqa.selenium.chrome.ChromeDriver
Capabilities {acceptInsecureCerts: false, browserName: chrome, browserVersion: 90.0.4430.93, chrome: {chromedriverVersion: 90.0.4430.24 (4c6d850f087da..., userDataDir: C:\Users\WILSON~1.ANG\AppDa...}, goog:chromeOptions: {debuggerAddress: localhost:55251}, javascriptEnabled: true, networkConnectionEnabled: false, pageLoadStrategy: normal, platform: WINDOWS, platformName: WINDOWS, proxy: Proxy(), setWindowRect: true, strictFileInteractability: false, timeouts: {implicit: 0, pageLoad: 300000, script: 30000}, unhandledPromptBehavior: dismiss and notify, webauthn:extension:largeBlob: true, webauthn:virtualAuthenticators: true}
Session ID: bbcbbac7128fac871ab64624eeb9c4db
*** Element info: {Using=css selector, value=a[aria-controls*=&apos;flight&apos;]}
	at org.openqa.selenium.remote.http.W3CHttpResponseCodec.createException(W3CHttpResponseCodec.java:187)
	at org.openqa.selenium.remote.http.W3CHttpResponseCodec.decode(W3CHttpResponseCodec.java:122)
	at org.openqa.selenium.remote.http.W3CHttpResponseCodec.decode(W3CHttpResponseCodec.java:49)
	at org.openqa.selenium.remote.HttpCommandExecutor.execute(HttpCommandExecutor.java:158)
	at org.openqa.selenium.remote.service.DriverCommandExecutor.execute(DriverCommandExecutor.java:83)
	at org.openqa.selenium.remote.RemoteWebDriver.execute(RemoteWebDriver.java:552)
	at org.openqa.selenium.remote.RemoteWebDriver.findElement(RemoteWebDriver.java:323)
	at org.openqa.selenium.remote.RemoteWebDriver.findElementByCssSelector(RemoteWebDriver.java:420)
	at org.openqa.selenium.By$ByCssSelector.findElement(By.java:431)
	at org.openqa.selenium.remote.RemoteWebDriver.findElement(RemoteWebDriver.java:315)
	at org.openqa.selenium.support.pagefactory.DefaultElementLocator.findElement(DefaultElementLocator.java:69)
	at org.openqa.selenium.support.pagefactory.internal.LocatingElementHandler.invoke(LocatingElementHandler.java:38)
	at com.sun.proxy.$Proxy11.isDisplayed(Unknown Source)
	at org.openqa.selenium.support.ui.ExpectedConditions.elementIfVisible(ExpectedConditions.java:314)
	at org.openqa.selenium.support.ui.ExpectedConditions.access$000(ExpectedConditions.java:43)
	at org.openqa.selenium.support.ui.ExpectedConditions$10.apply(ExpectedConditions.java:300)
	at org.openqa.selenium.support.ui.ExpectedConditions$10.apply(ExpectedConditions.java:297)
	at org.openqa.selenium.support.ui.ExpectedConditions$23.apply(ExpectedConditions.java:670)
	at org.openqa.selenium.support.ui.ExpectedConditions$23.apply(ExpectedConditions.java:666)
	at org.openqa.selenium.support.ui.FluentWait.until(FluentWait.java:249)
	... 27 more
... Removed 28 stack frames
</div> <!-- stack-trace -->
                </div> <!-- method-content -->
              </div> <!-- method -->
              <div class="method">
                <div class="method-content">
                  <a name="test2DropDownSorting(Duration (Shortest))">
                  </a> <!-- test2DropDownSorting(Duration (Shortest)) -->
                  <span class="method-name">test2DropDownSorting</span>
                  <span class="parameters">(Duration (Shortest))</span>
                  <div class="stack-trace">org.openqa.selenium.TimeoutException: Expected condition failed: waiting for element to be clickable: Proxy element for: DefaultElementLocator &apos;By.cssSelector: a[aria-controls*=&apos;flight&apos;]&apos; (tried for 30 second(s) with 500 milliseconds interval)
	at org.openqa.selenium.support.ui.WebDriverWait.timeoutException(WebDriverWait.java:95)
	at org.openqa.selenium.support.ui.FluentWait.until(FluentWait.java:272)
	at com.automation.training.pages.TravelocityHomePage.clickFlights(TravelocityHomePage.java:152)
	at com.automation.training.tests.TravelocityTestsOne.test2DropDownSorting(TravelocityTestsOne.java:86)
Caused by: org.openqa.selenium.NoSuchElementException: no such element: Unable to locate element: {&quot;method&quot;:&quot;css selector&quot;,&quot;selector&quot;:&quot;a[aria-controls*=&apos;flight&apos;]&quot;}
  (Session info: chrome=90.0.4430.93)
For documentation on this error, please visit: https://www.seleniumhq.org/exceptions/no_such_element.html
Build info: version: &apos;3.141.59&apos;, revision: &apos;e82be7d358&apos;, time: &apos;2018-11-14T08:17:03&apos;
System info: host: &apos;CO-IT005951&apos;, ip: &apos;192.168.42.1&apos;, os.name: &apos;Windows 10&apos;, os.arch: &apos;amd64&apos;, os.version: &apos;10.0&apos;, java.version: &apos;1.8.0_261&apos;
Driver info: org.openqa.selenium.chrome.ChromeDriver
Capabilities {acceptInsecureCerts: false, browserName: chrome, browserVersion: 90.0.4430.93, chrome: {chromedriverVersion: 90.0.4430.24 (4c6d850f087da..., userDataDir: C:\Users\WILSON~1.ANG\AppDa...}, goog:chromeOptions: {debuggerAddress: localhost:55251}, javascriptEnabled: true, networkConnectionEnabled: false, pageLoadStrategy: normal, platform: WINDOWS, platformName: WINDOWS, proxy: Proxy(), setWindowRect: true, strictFileInteractability: false, timeouts: {implicit: 0, pageLoad: 300000, script: 30000}, unhandledPromptBehavior: dismiss and notify, webauthn:extension:largeBlob: true, webauthn:virtualAuthenticators: true}
Session ID: bbcbbac7128fac871ab64624eeb9c4db
*** Element info: {Using=css selector, value=a[aria-controls*=&apos;flight&apos;]}
	at org.openqa.selenium.remote.http.W3CHttpResponseCodec.createException(W3CHttpResponseCodec.java:187)
	at org.openqa.selenium.remote.http.W3CHttpResponseCodec.decode(W3CHttpResponseCodec.java:122)
	at org.openqa.selenium.remote.http.W3CHttpResponseCodec.decode(W3CHttpResponseCodec.java:49)
	at org.openqa.selenium.remote.HttpCommandExecutor.execute(HttpCommandExecutor.java:158)
	at org.openqa.selenium.remote.service.DriverCommandExecutor.execute(DriverCommandExecutor.java:83)
	at org.openqa.selenium.remote.RemoteWebDriver.execute(RemoteWebDriver.java:552)
	at org.openqa.selenium.remote.RemoteWebDriver.findElement(RemoteWebDriver.java:323)
	at org.openqa.selenium.remote.RemoteWebDriver.findElementByCssSelector(RemoteWebDriver.java:420)
	at org.openqa.selenium.By$ByCssSelector.findElement(By.java:431)
	at org.openqa.selenium.remote.RemoteWebDriver.findElement(RemoteWebDriver.java:315)
	at org.openqa.selenium.support.pagefactory.DefaultElementLocator.findElement(DefaultElementLocator.java:69)
	at org.openqa.selenium.support.pagefactory.internal.LocatingElementHandler.invoke(LocatingElementHandler.java:38)
	at com.sun.proxy.$Proxy11.isDisplayed(Unknown Source)
	at org.openqa.selenium.support.ui.ExpectedConditions.elementIfVisible(ExpectedConditions.java:314)
	at org.openqa.selenium.support.ui.ExpectedConditions.access$000(ExpectedConditions.java:43)
	at org.openqa.selenium.support.ui.ExpectedConditions$10.apply(ExpectedConditions.java:300)
	at org.openqa.selenium.support.ui.ExpectedConditions$10.apply(ExpectedConditions.java:297)
	at org.openqa.selenium.support.ui.ExpectedConditions$23.apply(ExpectedConditions.java:670)
	at org.openqa.selenium.support.ui.ExpectedConditions$23.apply(ExpectedConditions.java:666)
	at org.openqa.selenium.support.ui.FluentWait.until(FluentWait.java:249)
	... 27 more
... Removed 28 stack frames
</div> <!-- stack-trace -->
                </div> <!-- method-content -->
              </div> <!-- method -->
            </div> <!-- main-panel-content rounded-window-bottom -->
          </div> <!-- suite-Test_suite_Travelocity-class-failed -->
          <div class="suite-Test_suite_Travelocity-class-passed">
            <div class="main-panel-header rounded-window-top">
              <img src="passed.png"/>
              <span class="class-name">com.automation.training.tests.TravelocityTestsOne</span>
            </div> <!-- main-panel-header rounded-window-top -->
            <div class="main-panel-content rounded-window-bottom">
              <div class="method">
                <div class="method-content">
                  <a name="test2DropDownSorting(Price (Lowest))">
                  </a> <!-- test2DropDownSorting(Price (Lowest)) -->
                  <span class="method-name">test2DropDownSorting</span>
                  <span class="parameters">(Price (Lowest))</span>
                </div> <!-- method-content -->
              </div> <!-- method -->
            </div> <!-- main-panel-content rounded-window-bottom -->
          </div> <!-- suite-Test_suite_Travelocity-class-passed -->
        </div> <!-- panel Test_suite_Travelocity -->
        <div panel-name="test-xml-Test_suite_Travelocity" class="panel">
          <div class="main-panel-header rounded-window-top">
            <span class="header-content">C:\Users\wilson.angel\eclipse-workspace-oxigen\training\src\main\java\com\automation\training\tests\SuiteTravelocity.xml</span>
          </div> <!-- main-panel-header rounded-window-top -->
          <div class="main-panel-content rounded-window-bottom">
            <pre>
&lt;?xml version=&quot;1.0&quot; encoding=&quot;UTF-8&quot;?&gt;
&lt;!DOCTYPE suite SYSTEM &quot;http://testng.org/testng-1.0.dtd&quot;&gt;
&lt;suite guice-stage=&quot;DEVELOPMENT&quot; name=&quot;Test suite Travelocity&quot;&gt;
  &lt;parameter name=&quot;lastName&quot; value=&quot;Lopez&quot;/&gt;
  &lt;parameter name=&quot;phoneNumber&quot; value=&quot;3174253892&quot;/&gt;
  &lt;parameter name=&quot;thirdResult&quot; value=&quot;3&quot;/&gt;
  &lt;parameter name=&quot;OriginFlight&quot; value=&quot;Las Vegas, NV (LAS-McCarran Intl.)&quot;/&gt;
  &lt;parameter name=&quot;browser&quot; value=&quot;chrome&quot;/&gt;
  &lt;parameter name=&quot;name&quot; value=&quot;Wilson&quot;/&gt;
  &lt;parameter name=&quot;firstResult&quot; value=&quot;1&quot;/&gt;
  &lt;parameter name=&quot;from&quot; value=&quot;LAS&quot;/&gt;
  &lt;parameter name=&quot;middleName&quot; value=&quot;Angel&quot;/&gt;
  &lt;parameter name=&quot;to&quot; value=&quot;LAX&quot;/&gt;
  &lt;parameter name=&quot;DestinationFlight&quot; value=&quot;Los Angeles, California&quot;/&gt;
  &lt;test name=&quot;Travelocity tests&quot;&gt;
    &lt;classes&gt;
      &lt;class name=&quot;com.automation.training.tests.TravelocityTestsOne&quot;&gt;
        &lt;methods&gt;
          &lt;include name=&quot;test2DropDownSorting&quot;/&gt;
        &lt;/methods&gt;
      &lt;/class&gt; &lt;!-- com.automation.training.tests.TravelocityTestsOne --&gt;
    &lt;/classes&gt;
  &lt;/test&gt; &lt;!-- Travelocity tests --&gt;
&lt;/suite&gt; &lt;!-- Test suite Travelocity --&gt;
            </pre>
          </div> <!-- main-panel-content rounded-window-bottom -->
        </div> <!-- panel -->
        <div panel-name="testlist-Test_suite_Travelocity" class="panel">
          <div class="main-panel-header rounded-window-top">
            <span class="header-content">Tests for Test suite Travelocity</span>
          </div> <!-- main-panel-header rounded-window-top -->
          <div class="main-panel-content rounded-window-bottom">
            <ul>
              <li>
                <span class="test-name">Travelocity tests (1 class)</span>
              </li>
            </ul>
          </div> <!-- main-panel-content rounded-window-bottom -->
        </div> <!-- panel -->
        <div panel-name="group-Test_suite_Travelocity" class="panel">
          <div class="main-panel-header rounded-window-top">
            <span class="header-content">Groups for Test suite Travelocity</span>
          </div> <!-- main-panel-header rounded-window-top -->
          <div class="main-panel-content rounded-window-bottom">
          </div> <!-- main-panel-content rounded-window-bottom -->
        </div> <!-- panel -->
        <div panel-name="times-Test_suite_Travelocity" class="panel">
          <div class="main-panel-header rounded-window-top">
            <span class="header-content">Times for Test suite Travelocity</span>
          </div> <!-- main-panel-header rounded-window-top -->
          <div class="main-panel-content rounded-window-bottom">
            <div class="times-div">
              <script type="text/javascript">
suiteTableInitFunctions.push('tableData_Test_suite_Travelocity');
function tableData_Test_suite_Travelocity() {
var data = new google.visualization.DataTable();
data.addColumn('number', 'Number');
data.addColumn('string', 'Method');
data.addColumn('string', 'Class');
data.addColumn('number', 'Time (ms)');
data.addRows(4);
data.setCell(0, 0, 0)
data.setCell(0, 1, 'test2DropDownSorting')
data.setCell(0, 2, 'com.automation.training.tests.TravelocityTestsOne')
data.setCell(0, 3, 30388);
data.setCell(1, 0, 1)
data.setCell(1, 1, 'test2DropDownSorting')
data.setCell(1, 2, 'com.automation.training.tests.TravelocityTestsOne')
data.setCell(1, 3, 30383);
data.setCell(2, 0, 2)
data.setCell(2, 1, 'test2DropDownSorting')
data.setCell(2, 2, 'com.automation.training.tests.TravelocityTestsOne')
data.setCell(2, 3, 30355);
data.setCell(3, 0, 3)
data.setCell(3, 1, 'test2DropDownSorting')
data.setCell(3, 2, 'com.automation.training.tests.TravelocityTestsOne')
data.setCell(3, 3, 30207);
window.suiteTableData['Test_suite_Travelocity']= { tableData: data, tableDiv: 'times-div-Test_suite_Travelocity'}
return data;
}
              </script>
              <span class="suite-total-time">Total running time: 2 minutes</span>
              <div id="times-div-Test_suite_Travelocity">
              </div> <!-- times-div-Test_suite_Travelocity -->
            </div> <!-- times-div -->
          </div> <!-- main-panel-content rounded-window-bottom -->
        </div> <!-- panel -->
        <div panel-name="reporter-Test_suite_Travelocity" class="panel">
          <div class="main-panel-header rounded-window-top">
            <span class="header-content">Reporter output for Test suite Travelocity</span>
          </div> <!-- main-panel-header rounded-window-top -->
          <div class="main-panel-content rounded-window-bottom">
            <div class="reporter-method-div">
              <span class="reporter-method-name">test2DropDownSorting(Price (Lowest))</span>
              <div class="reporter-method-output-div">
                <span class="reporter-method-output">[INFO 2021-05-02] click in fligts</span>
                <span class="reporter-method-output">[INFO 2021-05-02] click in RoundTrip</span>
                <span class="reporter-method-output">[INFO 2021-05-02] Click: [[ChromeDriver: chrome on WINDOWS (bbcbbac7128fac871ab64624eeb9c4db)] -> css selector: a[aria-controls*='roundtrip']]</span>
                <span class="reporter-method-output">[INFO 2021-05-02] Click: [[ChromeDriver: chrome on WINDOWS (bbcbbac7128fac871ab64624eeb9c4db)] -> css selector: button[aria-label*='Leaving from']]</span>
                <span class="reporter-method-output">[INFO 2021-05-02] Click: [[ChromeDriver: chrome on WINDOWS (bbcbbac7128fac871ab64624eeb9c4db)] -> id: location-field-leg1-origin]</span>
                <span class="reporter-method-output">[INFO 2021-05-02] Writing: Las</span>
                <span class="reporter-method-output">[INFO 2021-05-02] Click: [[ChromeDriver: chrome on WINDOWS (bbcbbac7128fac871ab64624eeb9c4db)] -> css selector: div[data-stid*='origin'] li[data-index='0'] button]</span>
                <span class="reporter-method-output">[INFO 2021-05-02] Click: [[ChromeDriver: chrome on WINDOWS (bbcbbac7128fac871ab64624eeb9c4db)] -> css selector: button[aria-label='Going to']]</span>
                <span class="reporter-method-output">[INFO 2021-05-02] Click: [[ChromeDriver: chrome on WINDOWS (bbcbbac7128fac871ab64624eeb9c4db)] -> id: location-field-leg1-destination]</span>
                <span class="reporter-method-output">[INFO 2021-05-02] Writing: Lax</span>
                <span class="reporter-method-output">[INFO 2021-05-02] Click: [[ChromeDriver: chrome on WINDOWS (bbcbbac7128fac871ab64624eeb9c4db)] -> css selector: div[data-stid*='destination'] li[data-index='0'] button]</span>
                <span class="reporter-method-output">[INFO 2021-05-02] Opcion enviada: Departure</span>
                <span class="reporter-method-output">[INFO 2021-05-02] Click: [[ChromeDriver: chrome on WINDOWS (bbcbbac7128fac871ab64624eeb9c4db)] -> id: d1-btn]</span>
                <span class="reporter-method-output">[INFO 2021-05-02] Click: [[ChromeDriver: chrome on WINDOWS (bbcbbac7128fac871ab64624eeb9c4db)] -> css selector: button[data-stid='date-picker-paging']:nth-child(2)]</span>
                <span class="reporter-method-output">[INFO 2021-05-02] Click: [[ChromeDriver: chrome on WINDOWS (bbcbbac7128fac871ab64624eeb9c4db)] -> css selector: button[data-stid='date-picker-paging']:nth-child(2)]</span>
                <span class="reporter-method-output">[INFO 2021-05-02] Click: Proxy element for: DefaultElementLocator 'By.cssSelector: button[data-stid='apply-date-picker'] >span'</span>
                <span class="reporter-method-output">[INFO 2021-05-02] Click: Proxy element for: DefaultElementLocator 'By.cssSelector: button[data-testid='submit-button']'</span>
                <span class="reporter-method-output">[INFO 2021-05-02] In dropdown list + From pageLAS to LAX flights</span>
              </div> <!-- reporter-method-output-div -->
            </div> <!-- reporter-method-div -->
            <div class="reporter-method-div">
              <span class="reporter-method-name">test2DropDownSorting(Arrival (Earliest))</span>
              <div class="reporter-method-output-div">
                <span class="reporter-method-output">[INFO 2021-05-02] click in fligts</span>
              </div> <!-- reporter-method-output-div -->
            </div> <!-- reporter-method-div -->
            <div class="reporter-method-div">
              <span class="reporter-method-name">test2DropDownSorting(Departure (Earliest))</span>
              <div class="reporter-method-output-div">
                <span class="reporter-method-output">[INFO 2021-05-02] click in fligts</span>
              </div> <!-- reporter-method-output-div -->
            </div> <!-- reporter-method-div -->
            <div class="reporter-method-div">
              <span class="reporter-method-name">test2DropDownSorting(Duration (Shortest))</span>
              <div class="reporter-method-output-div">
                <span class="reporter-method-output">[INFO 2021-05-02] click in fligts</span>
              </div> <!-- reporter-method-output-div -->
            </div> <!-- reporter-method-div -->
          </div> <!-- main-panel-content rounded-window-bottom -->
        </div> <!-- panel -->
        <div panel-name="ignored-methods-Test_suite_Travelocity" class="panel">
          <div class="main-panel-header rounded-window-top">
            <span class="header-content">2 ignored methods</span>
          </div> <!-- main-panel-header rounded-window-top -->
          <div class="main-panel-content rounded-window-bottom">
            <div class="ignored-class-div">
              <span class="ignored-class-name">com.automation.training.tests.TravelocityTestsOne</span>
              <div class="ignored-methods-div">
                <span class="ignored-method-name">test2dsearchResultsAndDetailsAndBags</span>
                <br/>
                <span class="ignored-method-name">testTravelocityFromToAndDataPicker</span>
                <br/>
              </div> <!-- ignored-methods-div -->
            </div> <!-- ignored-class-div -->
          </div> <!-- main-panel-content rounded-window-bottom -->
        </div> <!-- panel -->
        <div panel-name="chronological-Test_suite_Travelocity" class="panel">
          <div class="main-panel-header rounded-window-top">
            <span class="header-content">Methods in chronological order</span>
          </div> <!-- main-panel-header rounded-window-top -->
          <div class="main-panel-content rounded-window-bottom">
            <div class="chronological-class">
              <div class="chronological-class-name">com.automation.training.tests.TravelocityTestsOne</div> <!-- chronological-class-name -->
              <div class="configuration-class before">
                <span class="method-name">beforeSuite(chrome)</span>
                <span class="method-start">0 ms</span>
              </div> <!-- configuration-class before -->
              <div class="test-method">
                <span class="method-name">test2DropDownSorting(Price (Lowest))</span>
                <span class="method-start">19525 ms</span>
              </div> <!-- test-method -->
              <div class="test-method">
                <img src="failed.png">
                </img>
                <span class="method-name">test2DropDownSorting(Departure (Earliest))</span>
                <span class="method-start">49883 ms</span>
              </div> <!-- test-method -->
              <div class="test-method">
                <img src="failed.png">
                </img>
                <span class="method-name">test2DropDownSorting(Arrival (Earliest))</span>
                <span class="method-start">80269 ms</span>
              </div> <!-- test-method -->
              <div class="test-method">
                <img src="failed.png">
                </img>
                <span class="method-name">test2DropDownSorting(Duration (Shortest))</span>
                <span class="method-start">110479 ms</span>
              </div> <!-- test-method -->
              <div class="configuration-class after">
                <span class="method-name">afterSuite</span>
                <span class="method-start">140868 ms</span>
              </div> <!-- configuration-class after -->
          </div> <!-- main-panel-content rounded-window-bottom -->
        </div> <!-- panel -->
      </div> <!-- main-panel-root -->
    </div> <!-- wrapper -->
  </body>
</html>
